<?xml version="1.0" encoding="UTF-8"?>
<!-- Generated by org.testng.reporters.JUnitXMLReporter -->
<testsuite ignored="0" hostname="prema-PC" failures="0" tests="4" name="Default test" time="3.985" errors="0" timestamp="2019-12-01T13:32:39 EST">
  <testcase classname="com.myproject.myprogram.APITesting.weatherDetails" name="printResponse" time="0.053"/>
  <testcase classname="com.myproject.myprogram.APITesting.weatherDetails" name="statusValidation" time="0.007"/>
  <testcase classname="com.myproject.myprogram.APITesting.weatherDetails" name="headerValidation" time="0.006"/>
  <testcase classname="com.myproject.myprogram.APITesting.weatherDetails" name="responsebodyvalidation" time="0.697"/>
</testsuite> <!-- Default test -->
