<?xml version="1.0" encoding="UTF-8"?>
<testng-results ignored="0" total="4" passed="4" failed="0" skipped="0">
  <reporter-output>
  </reporter-output>
  <suite started-at="2019-12-01T13:32:35 EST" name="Default suite" finished-at="2019-12-01T13:32:39 EST" duration-ms="3985">
    <groups>
    </groups>
    <test started-at="2019-12-01T13:32:35 EST" name="Default test" finished-at="2019-12-01T13:32:39 EST" duration-ms="3985">
      <class name="com.myproject.myprogram.APITesting.weatherDetails">
        <test-method is-config="true" signature="getweatherDetails()[pri:0, instance:com.myproject.myprogram.APITesting.weatherDetails@38c5cc4c]" started-at="2019-12-01T13:32:35 EST" name="getweatherDetails" finished-at="2019-12-01T13:32:38 EST" duration-ms="3141" status="PASS">
          <reporter-output>
          </reporter-output>
        </test-method> <!-- getweatherDetails -->
        <test-method signature="printResponse()[pri:0, instance:com.myproject.myprogram.APITesting.weatherDetails@38c5cc4c]" started-at="2019-12-01T13:32:38 EST" name="printResponse" finished-at="2019-12-01T13:32:38 EST" duration-ms="53" status="PASS">
          <reporter-output>
          </reporter-output>
        </test-method> <!-- printResponse -->
        <test-method signature="statusValidation()[pri:1, instance:com.myproject.myprogram.APITesting.weatherDetails@38c5cc4c]" started-at="2019-12-01T13:32:38 EST" name="statusValidation" finished-at="2019-12-01T13:32:38 EST" duration-ms="7" status="PASS">
          <reporter-output>
          </reporter-output>
        </test-method> <!-- statusValidation -->
        <test-method signature="headerValidation()[pri:2, instance:com.myproject.myprogram.APITesting.weatherDetails@38c5cc4c]" started-at="2019-12-01T13:32:38 EST" name="headerValidation" finished-at="2019-12-01T13:32:38 EST" duration-ms="6" status="PASS">
          <reporter-output>
          </reporter-output>
        </test-method> <!-- headerValidation -->
        <test-method signature="responsebodyvalidation()[pri:3, instance:com.myproject.myprogram.APITesting.weatherDetails@38c5cc4c]" started-at="2019-12-01T13:32:38 EST" name="responsebodyvalidation" finished-at="2019-12-01T13:32:39 EST" duration-ms="697" status="PASS">
          <reporter-output>
          </reporter-output>
        </test-method> <!-- responsebodyvalidation -->
        <test-method is-config="true" signature="completevalidation()[pri:0, instance:com.myproject.myprogram.APITesting.weatherDetails@38c5cc4c]" started-at="2019-12-01T13:32:39 EST" name="completevalidation" finished-at="2019-12-01T13:32:39 EST" duration-ms="1" status="PASS">
          <reporter-output>
          </reporter-output>
        </test-method> <!-- completevalidation -->
      </class> <!-- com.myproject.myprogram.APITesting.weatherDetails -->
    </test> <!-- Default test -->
  </suite> <!-- Default suite -->
</testng-results>
